# JRE version: OpenJDK Runtime Environment (11.0.10) (build 11.0.10+0-b96-7249189)
# Java VM: OpenJDK 64-Bit Server VM (11.0.10+0-b96-7249189, mixed mode, tiered, compressed oops, g1 gc, windows-amd64)
Heap:
 garbage-first heap   total 350208K, used 179200K [0x0000000080000000, 0x0000000100000000)
  region size 1024K, 2 young (2048K), 2 survivors (2048K)
 Metaspace       used 125657K, capacity 129615K, committed 130508K, reserved 1163264K
  class space    used 15862K, capacity 17328K, committed 17612K, reserved 1048576K
GC Heap History (20 events):
Event: 1028.765 GC heap after
{Heap after GC invocations=46 (full 0):
 garbage-first heap   total 258048K, used 150690K [0x0000000080000000, 0x0000000100000000)
  region size 1024K, 9 young (9216K), 9 survivors (9216K)
 Metaspace       used 116350K, capacity 119892K, committed 120140K, reserved 1153024K
  class space    used 14577K, capacity 15843K, committed 15948K, reserved 1048576K
}
Event: 1028.813 GC heap before
{Heap before GC invocations=46 (full 0):
 garbage-first heap   total 258048K, used 153762K [0x0000000080000000, 0x0000000100000000)
  region size 1024K, 12 young (12288K), 9 survivors (9216K)
 Metaspace       used 116447K, capacity 120054K, committed 120140K, reserved 1153024K
  class space    used 14590K, capacity 15876K, committed 15948K, reserved 1048576K
}
Event: 1028.830 GC heap after
{Heap after GC invocations=47 (full 0):
 garbage-first heap   total 258048K, used 145622K [0x0000000080000000, 0x0000000100000000)
  region size 1024K, 2 young (2048K), 2 survivors (2048K)
 Metaspace       used 116447K, capacity 120054K, committed 120140K, reserved 1153024K
  class space    used 14590K, capacity 15876K, committed 15948K, reserved 1048576K
}
Event: 1029.559 GC heap before
{Heap before GC invocations=47 (full 0):
 garbage-first heap   total 258048K, used 210134K [0x0000000080000000, 0x0000000100000000)
  region size 1024K, 66 young (67584K), 2 survivors (2048K)
 Metaspace       used 118353K, capacity 122023K, committed 122188K, reserved 1155072K
  class space    used 14864K, capacity 16179K, committed 16204K, reserved 1048576K
}
Event: 1029.602 GC heap after
{Heap after GC invocations=48 (full 0):
 garbage-first heap   total 258048K, used 161564K [0x0000000080000000, 0x0000000100000000)
  region size 1024K, 9 young (9216K), 9 survivors (9216K)
 Metaspace       used 118353K, capacity 122023K, committed 122188K, reserved 1155072K
  class space    used 14864K, capacity 16179K, committed 16204K, reserved 1048576K
}
Event: 1030.692 GC heap before
{Heap before GC invocations=49 (full 0):
 garbage-first heap   total 258048K, used 208668K [0x0000000080000000, 0x0000000100000000)
  region size 1024K, 56 young (57344K), 9 survivors (9216K)
 Metaspace       used 123628K, capacity 127679K, committed 127948K, reserved 1159168K
  class space    used 15753K, capacity 17260K, committed 17356K, reserved 1048576K
}
Event: 1030.724 GC heap after
{Heap after GC invocations=50 (full 0):
 garbage-first heap   total 258048K, used 166750K [0x0000000080000000, 0x0000000100000000)
  region size 1024K, 5 young (5120K), 5 survivors (5120K)
 Metaspace       used 123628K, capacity 127679K, committed 127948K, reserved 1159168K
  class space    used 15753K, capacity 17260K, committed 17356K, reserved 1048576K
}
Event: 1031.300 GC heap before
{Heap before GC invocations=50 (full 0):
 garbage-first heap   total 258048K, used 210782K [0x0000000080000000, 0x0000000100000000)
  region size 1024K, 49 young (50176K), 5 survivors (5120K)
 Metaspace       used 125453K, capacity 129690K, committed 129996K, reserved 1161216K
  class space    used 15999K, capacity 17560K, committed 17612K, reserved 1048576K
}
Event: 1031.319 GC heap after
{Heap after GC invocations=51 (full 0):
 garbage-first heap   total 258048K, used 169711K [0x0000000080000000, 0x0000000100000000)
  region size 1024K, 4 young (4096K), 4 survivors (4096K)
 Metaspace       used 125453K, capacity 129690K, committed 129996K, reserved 1161216K
  class space    used 15999K, capacity 17560K, committed 17612K, reserved 1048576K
}
Event: 1032.013 GC heap before
{Heap before GC invocations=52 (full 0):
 garbage-first heap   total 258048K, used 213743K [0x0000000080000000, 0x0000000100000000)
  region size 1024K, 48 young (49152K), 4 survivors (4096K)
 Metaspace       used 125588K, capacity 129735K, committed 129996K, reserved 1161216K
  class space    used 15964K, capacity 17495K, committed 17612K, reserved 1048576K
}
Event: 1032.033 GC heap after
{Heap after GC invocations=53 (full 0):
 garbage-first heap   total 258048K, used 177030K [0x0000000080000000, 0x0000000100000000)
  region size 1024K, 6 young (6144K), 6 survivors (6144K)
 Metaspace       used 125588K, capacity 129735K, committed 129996K, reserved 1161216K
  class space    used 15964K, capacity 17495K, committed 17612K, reserved 1048576K
}
Event: 1032.067 GC heap before
{Heap before GC invocations=53 (full 0):
 garbage-first heap   total 258048K, used 183174K [0x0000000080000000, 0x0000000100000000)
  region size 1024K, 12 young (12288K), 6 survivors (6144K)
 Metaspace       used 125644K, capacity 129799K, committed 130252K, reserved 1161216K
  class space    used 15964K, capacity 17495K, committed 17612K, reserved 1048576K
}
Event: 1032.103 GC heap after
{Heap after GC invocations=54 (full 0):
 garbage-first heap   total 258048K, used 173533K [0x0000000080000000, 0x0000000100000000)
  region size 1024K, 2 young (2048K), 2 survivors (2048K)
 Metaspace       used 125644K, capacity 129799K, committed 130252K, reserved 1161216K
  class space    used 15964K, capacity 17495K, committed 17612K, reserved 1048576K
}
Event: 1032.284 GC heap before
{Heap before GC invocations=54 (full 0):
 garbage-first heap   total 258048K, used 213469K [0x0000000080000000, 0x0000000100000000)
  region size 1024K, 42 young (43008K), 2 survivors (2048K)
 Metaspace       used 125703K, capacity 129864K, committed 130252K, reserved 1161216K
  class space    used 15971K, capacity 17495K, committed 17612K, reserved 1048576K
}
Event: 1032.318 GC heap after
{Heap after GC invocations=55 (full 0):
 garbage-first heap   total 258048K, used 181158K [0x0000000080000000, 0x0000000100000000)
  region size 1024K, 6 young (6144K), 6 survivors (6144K)
 Metaspace       used 125703K, capacity 129864K, committed 130252K, reserved 1161216K
  class space    used 15971K, capacity 17495K, committed 17612K, reserved 1048576K
}
Event: 1033.051 GC heap before
{Heap before GC invocations=55 (full 0):
 garbage-first heap   total 258048K, used 215974K [0x0000000080000000, 0x0000000100000000)
  region size 1024K, 40 young (40960K), 6 survivors (6144K)
 Metaspace       used 125442K, capacity 129395K, committed 130252K, reserved 1161216K
  class space    used 15856K, capacity 17322K, committed 17612K, reserved 1048576K
}
Event: 1033.094 GC heap after
{Heap after GC invocations=56 (full 0):
 garbage-first heap   total 258048K, used 186947K [0x0000000080000000, 0x0000000100000000)
  region size 1024K, 5 young (5120K), 5 survivors (5120K)
 Metaspace       used 125442K, capacity 129395K, committed 130252K, reserved 1161216K
  class space    used 15856K, capacity 17322K, committed 17612K, reserved 1048576K
}
Event: 1033.562 GC heap before
{Heap before GC invocations=57 (full 0):
 garbage-first heap   total 258048K, used 216643K [0x0000000080000000, 0x0000000100000000)
  region size 1024K, 34 young (34816K), 5 survivors (5120K)
 Metaspace       used 125629K, capacity 129615K, committed 130508K, reserved 1163264K
  class space    used 15862K, capacity 17328K, committed 17612K, reserved 1048576K
}
Event: 1033.583 GC heap after
{Heap after GC invocations=58 (full 0):
 garbage-first heap   total 258048K, used 191911K [0x0000000080000000, 0x0000000100000000)
  region size 1024K, 5 young (5120K), 5 survivors (5120K)
 Metaspace       used 125629K, capacity 129615K, committed 130508K, reserved 1163264K
  class space    used 15862K, capacity 17328K, committed 17612K, reserved 1048576K
}
Event: 1033.636 GC heap before
{Heap before GC invocations=58 (full 0):
 garbage-first heap   total 258048K, used 198055K [0x0000000080000000, 0x0000000100000000)
  region size 1024K, 12 young (12288K), 5 survivors (5120K)
 Metaspace       used 125657K, capacity 129615K, committed 130508K, reserved 1163264K
  class space    used 15862K, capacity 17328K, committed 17612K, reserved 1048576K
}

